#
# There is insufficient memory for the Java Runtime Environment to continue.
# Native memory allocation (malloc) failed to allocate 949936 bytes for Chunk::new
# Possible reasons:
#   The system is out of physical RAM or swap space
#   In 32 bit mode, the process size limit was hit
# Possible solutions:
#   Reduce memory load on the system
#   Increase physical memory or swap space
#   Check if swap backing store is full
#   Use 64 bit Java on a 64 bit OS
#   Decrease Java heap size (-Xmx/-Xms)
#   Decrease number of Java threads
#   Decrease Java thread stack sizes (-Xss)
#   Set larger code cache with -XX:ReservedCodeCacheSize=
# This output file may be truncated or incomplete.
#
#  Out of Memory Error (allocation.cpp:390), pid=9164, tid=0x0000000000002398
#
# JRE version: OpenJDK Runtime Environment (8.0_152-b02) (build 1.8.0_152-release-1024-b02)
# Java VM: OpenJDK 64-Bit Server VM (25.152-b02 mixed mode windows-amd64 compressed oops)
# Failed to write core dump. Minidumps are not enabled by default on client versions of Windows
#

---------------  T H R E A D  ---------------

Current thread (0x00000000167aa800):  JavaThread "C2 CompilerThread0" daemon [_thread_in_native, id=9112, stack(0x0000000017e10000,0x0000000017f10000)]

Stack: [0x0000000017e10000,0x0000000017f10000]
[error occurred during error reporting (printing stack bounds), id 0xc0000005]

Native frames: (J=compiled Java code, j=interpreted, Vv=VM code, C=native code)


Current CompileTask:
C2:2418954 23323       4       com.android.tools.r8.dex.FileWriter::writeCodeItem (502 bytes)


---------------  P R O C E S S  ---------------

Java Threads: ( => current thread )
  0x0000000022d6d000 JavaThread "ForkJoinPool-5-worker-0" daemon [_thread_in_Java, id=4904, stack(0x000000003e210000,0x000000003e310000)]
  0x0000000022d70800 JavaThread "ForkJoinPool-5-worker-1" daemon [_thread_blocked, id=7744, stack(0x000000003e110000,0x000000003e210000)]
  0x000000001891e000 JavaThread "ForkJoinPool.commonPool-worker-0" daemon [_thread_blocked, id=6364, stack(0x0000000039f10000,0x000000003a010000)]
  0x000000001bb4c800 JavaThread "Cache worker for Java compile cache (C:\Users\sbhtk\AndroidStudioProjects\urgent_sms\.gradle\4.4\javaCompile)" [_thread_blocked, id=1828, stack(0x0000000039510000,0x0000000039610000)]
  0x000000001bb41800 JavaThread "Task worker for ':' Thread 3" [_thread_blocked, id=8916, stack(0x0000000039410000,0x0000000039510000)]
  0x000000001bb42000 JavaThread "Task worker for ':' Thread 2" [_thread_blocked, id=1480, stack(0x0000000039310000,0x0000000039410000)]
  0x000000001bb40800 JavaThread "Task worker for ':'" [_thread_blocked, id=9080, stack(0x0000000039210000,0x0000000039310000)]
  0x000000001bb47800 JavaThread "Cache worker for Build Output Cleanup Cache (C:\Users\sbhtk\AndroidStudioProjects\urgent_sms\.gradle\buildOutputCleanup)" [_thread_blocked, id=4252, stack(0x0000000039110000,0x0000000039210000)]
  0x000000001bb40000 JavaThread "Cache worker for task history cache (C:\Users\sbhtk\AndroidStudioProjects\urgent_sms\.gradle\4.4\taskHistory)" [_thread_blocked, id=7148, stack(0x0000000039010000,0x0000000039110000)]
  0x000000001bb46800 JavaThread "Cache worker for file content cache (C:\Users\sbhtk\AndroidStudioProjects\urgent_sms\.gradle\4.4\fileContent)" [_thread_blocked, id=4552, stack(0x0000000038f10000,0x0000000039010000)]
  0x000000001bb46000 JavaThread "build operations Thread 4" [_thread_blocked, id=8324, stack(0x0000000038e10000,0x0000000038f10000)]
  0x000000001b071000 JavaThread "build operations Thread 3" [_thread_blocked, id=8256, stack(0x0000000038d10000,0x0000000038e10000)]
  0x000000001b06f800 JavaThread "build operations Thread 2" [_thread_blocked, id=1820, stack(0x0000000038c10000,0x0000000038d10000)]
  0x000000001b06e000 JavaThread "build operations" [_thread_blocked, id=1728, stack(0x0000000038b10000,0x0000000038c10000)]
  0x000000001b06c800 JavaThread "Cache worker for Artifact transforms cache (C:\Users\sbhtk\.gradle\caches\transforms-1)" [_thread_blocked, id=1692, stack(0x0000000038a10000,0x0000000038b10000)]
  0x000000001b06b000 JavaThread "Cache worker for file hash cache (C:\Users\sbhtk\AndroidStudioProjects\urgent_sms\.gradle\4.4\fileHashes)" [_thread_blocked, id=2996, stack(0x0000000038910000,0x0000000038a10000)]
  0x000000001b067000 JavaThread "Asynchronous log dispatcher for DefaultDaemonConnection: socket connection from /127.0.0.1:50338 to /127.0.0.1:51133" [_thread_blocked, id=6500, stack(0x0000000038710000,0x0000000038810000)]
  0x000000001b069000 JavaThread "Cancel handler" [_thread_blocked, id=6152, stack(0x0000000038610000,0x0000000038710000)]
  0x000000001b065000 JavaThread "Handler for socket connection from /127.0.0.1:50338 to /127.0.0.1:51133" [_thread_in_native, id=6908, stack(0x0000000038510000,0x0000000038610000)]
  0x000000001bb43000 JavaThread "Daemon worker Thread 6" [_thread_blocked, id=8640, stack(0x0000000030710000,0x0000000030810000)]
  0x000000001bb45000 JavaThread "Daemon Thread 6" [_thread_blocked, id=8568, stack(0x0000000030410000,0x0000000030510000)]
  0x000000001b062800 JavaThread "Memory manager" [_thread_blocked, id=7488, stack(0x000000001ff90000,0x0000000020090000)]
  0x0000000018afa800 JavaThread "File lock request listener" [_thread_in_native, id=3984, stack(0x000000001c230000,0x000000001c330000)]
  0x00000000182e2800 JavaThread "Cache worker for file hash cache (C:\Users\sbhtk\.gradle\caches\4.4\fileHashes)" [_thread_blocked, id=8128, stack(0x000000001c130000,0x000000001c230000)]
  0x0000000018e12000 JavaThread "Daemon periodic checks" [_thread_blocked, id=8244, stack(0x000000001a660000,0x000000001a760000)]
  0x0000000018e11800 JavaThread "Incoming local TCP Connector on port 50338" [_thread_in_native, id=5500, stack(0x000000001a420000,0x000000001a520000)]
  0x000000001680d000 JavaThread "Service Thread" daemon [_thread_blocked, id=7332, stack(0x0000000018510000,0x0000000018610000)]
  0x00000000167b9000 JavaThread "C1 CompilerThread2" daemon [_thread_blocked, id=9060, stack(0x0000000018010000,0x0000000018110000)]
  0x00000000167ad800 JavaThread "C2 CompilerThread1" daemon [_thread_in_native, id=8664, stack(0x0000000017f10000,0x0000000018010000)]
=>0x00000000167aa800 JavaThread "C2 CompilerThread0" daemon [_thread_in_native, id=9112, stack(0x0000000017e10000,0x0000000017f10000)]
  0x00000000167b7000 JavaThread "Attach Listener" daemon [_thread_blocked, id=5764, stack(0x0000000017d10000,0x0000000017e10000)]
  0x00000000167b5800 JavaThread "Signal Dispatcher" daemon [_thread_blocked, id=316, stack(0x0000000017c10000,0x0000000017d10000)]
  0x0000000016798800 JavaThread "Finalizer" daemon [_thread_blocked, id=2380, stack(0x0000000017a20000,0x0000000017b20000)]
  0x0000000002e31800 JavaThread "Reference Handler" daemon [_thread_blocked, id=5572, stack(0x0000000017920000,0x0000000017a20000)]
  0x0000000000b9d800 JavaThread "main" [_thread_blocked, id=7748, stack(0x0000000002c40000,0x0000000002d40000)]

Other Threads:
  0x0000000016776000 VMThread [stack: 0x0000000017820000,0x0000000017920000] [id=2224]
  0x000000001680e800 WatcherThread [stack: 0x0000000018610000,0x0000000018710000] [id=8732]

VM state:not at safepoint (normal execution)

VM Mutex/Monitor currently owned by a thread: None

Heap:
 PSYoungGen      total 248320K, used 31322K [0x00000000e0000000, 0x00000000f3c00000, 0x0000000100000000)
  eden space 227840K, 13% used [0x00000000e0000000,0x00000000e1e96b28,0x00000000ede80000)
  from space 20480K, 0% used [0x00000000f0480000,0x00000000f0480000,0x00000000f1880000)
  to   space 38912K, 0% used [0x00000000ede80000,0x00000000ede80000,0x00000000f0480000)
 ParOldGen       total 141824K, used 125388K [0x00000000a0000000, 0x00000000a8a80000, 0x00000000e0000000)
  object space 141824K, 88% used [0x00000000a0000000,0x00000000a7a73078,0x00000000a8a80000)
 Metaspace       used 90486K, capacity 95530K, committed 95576K, reserved 1132544K
  class space    used 11404K, capacity 12404K, committed 12416K, reserved 1048576K

Card table byte_map: [0x0000000012200000,0x0000000012510000] byte_map_base: 0x0000000011d00000

Marking Bits: (ParMarkBitMap*) 0x00000000563b4970
 Begin Bits: [0x0000000012b10000, 0x0000000014310000)
 End Bits:   [0x0000000014310000, 0x0000000015b10000)

Polling page: 0x0000000000f00000

CodeCache: size=245760Kb used=66891Kb max_used=66905Kb free=178868Kb
 bounds [0x0000000002e40000, 0x0000000007000000, 0x0000000011e40000]
 total_blobs=19344 nmethods=18474 adapters=780
 compilation: enabled

Compilation events (10 events):
Event: 2418.356 Thread 0x00000000167b9000 23375       2       com.android.tools.r8.dex.FileWriter$$Lambda$485/523093434::applyAsInt (12 bytes)
Event: 2418.356 Thread 0x00000000167b9000 nmethod 23375 0x0000000006fee0d0 code [0x0000000006fee240, 0x0000000006fee448]
Event: 2418.356 Thread 0x00000000167b9000 23376       2       com.android.tools.r8.dex.FileWriter::lambda$writeAnnotationDirectory$5 (12 bytes)
Event: 2418.356 Thread 0x00000000167b9000 nmethod 23376 0x0000000006fedc10 code [0x0000000006fedd80, 0x0000000006fedf48]
Event: 2418.357 Thread 0x00000000167b9000 23378       2       com.android.tools.r8.dex.FileWriter$$Lambda$483/1954875931::applyAsInt (12 bytes)
Event: 2418.357 Thread 0x00000000167b9000 nmethod 23378 0x0000000006fed750 code [0x0000000006fed8c0, 0x0000000006feda88]
Event: 2418.357 Thread 0x00000000167b9000 23379       2       com.android.tools.r8.dex.FileWriter::lambda$writeAnnotationDirectory$3 (12 bytes)
Event: 2418.357 Thread 0x00000000167b9000 nmethod 23379 0x0000000006fed250 code [0x0000000006fed3c0, 0x0000000006fed5a8]
Event: 2418.386 Thread 0x00000000167ad800 nmethod 23361 0x0000000006ff6310 code [0x0000000006ff65c0, 0x0000000006ff8b80]
Event: 2418.387 Thread 0x00000000167ad800 23369       4       com.android.tools.r8.graph.DexMethod::computeEquals (62 bytes)

GC Heap History (10 events):
Event: 2401.047 GC heap before
{Heap before GC invocations=53 (full 4):
 PSYoungGen      total 194048K, used 183044K [0x00000000e0000000, 0x00000000ed300000, 0x0000000100000000)
  eden space 173056K, 100% used [0x00000000e0000000,0x00000000ea900000,0x00000000ea900000)
  from space 20992K, 47% used [0x00000000ebe80000,0x00000000ec8412f0,0x00000000ed300000)
  to   space 21504K, 0% used [0x00000000ea900000,0x00000000ea900000,0x00000000ebe00000)
 ParOldGen       total 141824K, used 76899K [0x00000000a0000000, 0x00000000a8a80000, 0x00000000e0000000)
  object space 141824K, 54% used [0x00000000a0000000,0x00000000a4b18d50,0x00000000a8a80000)
 Metaspace       used 89650K, capacity 94768K, committed 94808K, reserved 1132544K
  class space    used 11394K, capacity 12405K, committed 12416K, reserved 1048576K
Event: 2401.087 GC heap after
Heap after GC invocations=53 (full 4):
 PSYoungGen      total 194560K, used 11273K [0x00000000e0000000, 0x00000000ef280000, 0x0000000100000000)
  eden space 173056K, 0% used [0x00000000e0000000,0x00000000e0000000,0x00000000ea900000)
  from space 21504K, 52% used [0x00000000ea900000,0x00000000eb402678,0x00000000ebe00000)
  to   space 20480K, 0% used [0x00000000ede80000,0x00000000ede80000,0x00000000ef280000)
 ParOldGen       total 141824K, used 77187K [0x00000000a0000000, 0x00000000a8a80000, 0x00000000e0000000)
  object space 141824K, 54% used [0x00000000a0000000,0x00000000a4b60d60,0x00000000a8a80000)
 Metaspace       used 89650K, capacity 94768K, committed 94808K, reserved 1132544K
  class space    used 11394K, capacity 12405K, committed 12416K, reserved 1048576K
}
Event: 2404.805 GC heap before
{Heap before GC invocations=54 (full 4):
 PSYoungGen      total 194560K, used 184329K [0x00000000e0000000, 0x00000000ef280000, 0x0000000100000000)
  eden space 173056K, 100% used [0x00000000e0000000,0x00000000ea900000,0x00000000ea900000)
  from space 21504K, 52% used [0x00000000ea900000,0x00000000eb402678,0x00000000ebe00000)
  to   space 20480K, 0% used [0x00000000ede80000,0x00000000ede80000,0x00000000ef280000)
 ParOldGen       total 141824K, used 77187K [0x00000000a0000000, 0x00000000a8a80000, 0x00000000e0000000)
  object space 141824K, 54% used [0x00000000a0000000,0x00000000a4b60d60,0x00000000a8a80000)
 Metaspace       used 90156K, capacity 95266K, committed 95320K, reserved 1132544K
  class space    used 11403K, capacity 12406K, committed 12416K, reserved 1048576K
Event: 2404.849 GC heap after
Heap after GC invocations=54 (full 4):
 PSYoungGen      total 225792K, used 12960K [0x00000000e0000000, 0x00000000ef100000, 0x0000000100000000)
  eden space 206848K, 0% used [0x00000000e0000000,0x00000000e0000000,0x00000000eca00000)
  from space 18944K, 68% used [0x00000000ede80000,0x00000000eeb281a8,0x00000000ef100000)
  to   space 19968K, 0% used [0x00000000eca00000,0x00000000eca00000,0x00000000edd80000)
 ParOldGen       total 141824K, used 81365K [0x00000000a0000000, 0x00000000a8a80000, 0x00000000e0000000)
  object space 141824K, 57% used [0x00000000a0000000,0x00000000a4f754c8,0x00000000a8a80000)
 Metaspace       used 90156K, capacity 95266K, committed 95320K, reserved 1132544K
  class space    used 11403K, capacity 12406K, committed 12416K, reserved 1048576K
}
Event: 2412.068 GC heap before
{Heap before GC invocations=55 (full 4):
 PSYoungGen      total 225792K, used 219808K [0x00000000e0000000, 0x00000000ef100000, 0x0000000100000000)
  eden space 206848K, 100% used [0x00000000e0000000,0x00000000eca00000,0x00000000eca00000)
  from space 18944K, 68% used [0x00000000ede80000,0x00000000eeb281a8,0x00000000ef100000)
  to   space 19968K, 0% used [0x00000000eca00000,0x00000000eca00000,0x00000000edd80000)
 ParOldGen       total 141824K, used 81365K [0x00000000a0000000, 0x00000000a8a80000, 0x00000000e0000000)
  object space 141824K, 57% used [0x00000000a0000000,0x00000000a4f754c8,0x00000000a8a80000)
 Metaspace       used 90311K, capacity 95410K, committed 95576K, reserved 1132544K
  class space    used 11405K, capacity 12406K, committed 12416K, reserved 1048576K
Event: 2412.083 GC heap after
Heap after GC invocations=55 (full 4):
 PSYoungGen      total 226816K, used 4185K [0x00000000e0000000, 0x00000000f1880000, 0x0000000100000000)
  eden space 206848K, 0% used [0x00000000e0000000,0x00000000e0000000,0x00000000eca00000)
  from space 19968K, 20% used [0x00000000eca00000,0x00000000ece165d8,0x00000000edd80000)
  to   space 20480K, 0% used [0x00000000f0480000,0x00000000f0480000,0x00000000f1880000)
 ParOldGen       total 141824K, used 83472K [0x00000000a0000000, 0x00000000a8a80000, 0x00000000e0000000)
  object space 141824K, 58% used [0x00000000a0000000,0x00000000a51841b0,0x00000000a8a80000)
 Metaspace       used 90311K, capacity 95410K, committed 95576K, reserved 1132544K
  class space    used 11405K, capacity 12406K, committed 12416K, reserved 1048576K
}
Event: 2416.014 GC heap before
{Heap before GC invocations=56 (full 4):
 PSYoungGen      total 226816K, used 211033K [0x00000000e0000000, 0x00000000f1880000, 0x0000000100000000)
  eden space 206848K, 100% used [0x00000000e0000000,0x00000000eca00000,0x00000000eca00000)
  from space 19968K, 20% used [0x00000000eca00000,0x00000000ece165d8,0x00000000edd80000)
  to   space 20480K, 0% used [0x00000000f0480000,0x00000000f0480000,0x00000000f1880000)
 ParOldGen       total 141824K, used 83472K [0x00000000a0000000, 0x00000000a8a80000, 0x00000000e0000000)
  object space 141824K, 58% used [0x00000000a0000000,0x00000000a51841b0,0x00000000a8a80000)
 Metaspace       used 90461K, capacity 95542K, committed 95576K, reserved 1132544K
  class space    used 11405K, capacity 12406K, committed 12416K, reserved 1048576K
Event: 2416.212 GC heap after
Heap after GC invocations=56 (full 4):
 PSYoungGen      total 248320K, used 20479K [0x00000000e0000000, 0x00000000f3c00000, 0x0000000100000000)
  eden space 227840K, 0% used [0x00000000e0000000,0x00000000e0000000,0x00000000ede80000)
  from space 20480K, 99% used [0x00000000f0480000,0x00000000f187fca8,0x00000000f1880000)
  to   space 38912K, 0% used [0x00000000ede80000,0x00000000ede80000,0x00000000f0480000)
 ParOldGen       total 141824K, used 126244K [0x00000000a0000000, 0x00000000a8a80000, 0x00000000e0000000)
  object space 141824K, 89% used [0x00000000a0000000,0x00000000a7b49118,0x00000000a8a80000)
 Metaspace       used 90461K, capacity 95542K, committed 95576K, reserved 1132544K
  class space    used 11405K, capacity 12406K, committed 12416K, reserved 1048576K
}
Event: 2416.212 GC heap before
{Heap before GC invocations=57 (full 5):
 PSYoungGen      total 248320K, used 20479K [0x00000000e0000000, 0x00000000f3c00000, 0x0000000100000000)
  eden space 227840K, 0% used [0x00000000e0000000,0x00000000e0000000,0x00000000ede80000)
  from space 20480K, 99% used [0x00000000f0480000,0x00000000f187fca8,0x00000000f1880000)
  to   space 38912K, 0% used [0x00000000ede80000,0x00000000ede80000,0x00000000f0480000)
 ParOldGen       total 141824K, used 126244K [0x00000000a0000000, 0x00000000a8a80000, 0x00000000e0000000)
  object space 141824K, 89% used [0x00000000a0000000,0x00000000a7b49118,0x00000000a8a80000)
 Metaspace       used 90461K, capacity 95542K, committed 95576K, reserved 1132544K
  class space    used 11405K, capacity 12406K, committed 12416K, reserved 1048576K
Event: 2417.904 GC heap after
Heap after GC invocations=57 (full 5):
 PSYoungGen      total 248320K, used 0K [0x00000000e0000000, 0x00000000f3c00000, 0x0000000100000000)
  eden space 227840K, 0% used [0x00000000e0000000,0x00000000e0000000,0x00000000ede80000)
  from space 20480K, 0% used [0x00000000f0480000,0x00000000f0480000,0x00000000f1880000)
  to   space 38912K, 0% used [0x00000000ede80000,0x00000000ede80000,0x00000000f0480000)
 ParOldGen       total 141824K, used 125388K [0x00000000a0000000, 0x00000000a8a80000, 0x00000000e0000000)
  object space 141824K, 88% used [0x00000000a0000000,0x00000000a7a73078,0x00000000a8a80000)
 Metaspace       used 90457K, capacity 95530K, committed 95576K, reserved 1132544K
  class space    used 11404K, capacity 12404K, committed 12416K, reserved 1048576K
}

Deoptimization events (10 events):
Event: 2415.021 Thread 0x0000000022d6d000 Uncommon trap: reason=null_check action=make_not_entrant pc=0x000000000514259c method=com.android.tools.r8.graph.DexString.computeEquals(Ljava/lang/Object;)Z @ 1
Event: 2417.919 Thread 0x0000000022d6d000 Uncommon trap: reason=array_check action=maybe_recompile pc=0x0000000006eeab00 method=java.util.TimSort.mergeLo(IIII)V @ 133
Event: 2417.919 Thread 0x0000000022d6d000 Uncommon trap: reason=array_check action=maybe_recompile pc=0x0000000006eea5f4 method=java.util.TimSort.mergeLo(IIII)V @ 212
Event: 2417.919 Thread 0x0000000022d6d000 Uncommon trap: reason=array_check action=maybe_recompile pc=0x0000000006eea5f4 method=java.util.TimSort.mergeLo(IIII)V @ 212
Event: 2417.919 Thread 0x0000000022d6d000 Uncommon trap: reason=predicate action=maybe_recompile pc=0x0000000006effea4 method=java.util.TimSort.mergeHi(IIII)V @ 191
Event: 2417.924 Thread 0x0000000022d6d000 Uncommon trap: reason=array_check action=maybe_recompile pc=0x00000000050f2f60 method=java.util.TimSort.mergeLo(IIII)V @ 212
Event: 2417.927 Thread 0x0000000022d6d000 Uncommon trap: reason=array_check action=maybe_recompile pc=0x00000000051a5280 method=java.util.TimSort.mergeHi(IIII)V @ 282
Event: 2417.934 Thread 0x0000000022d6d000 Uncommon trap: reason=array_check action=maybe_recompile pc=0x00000000051a51a0 method=java.util.TimSort.mergeHi(IIII)V @ 250
Event: 2417.942 Thread 0x0000000022d6d000 Uncommon trap: reason=array_check action=maybe_recompile pc=0x00000000051a5280 method=java.util.TimSort.mergeHi(IIII)V @ 282
Event: 2418.252 Thread 0x0000000022d6d000 Uncommon trap: reason=unstable_if action=reinterpret pc=0x00000000036290fc method=java.lang.Long.numberOfTrailingZeros(J)I @ 3

Classes redefined (0 events):
No events

Internal exceptions (10 events):
Event: 2408.775 Thread 0x0000000022d6d000 Exception <a 'sun/nio/fs/WindowsException'> (0x00000000eb7dea58) thrown at [D:\src\AOSP-openjdk-cygwin\jdk8u\hotspot\src\share\vm\prims\jni.cpp, line 709]
Event: 2408.776 Thread 0x0000000022d6d000 Exception <a 'sun/nio/fs/WindowsException'> (0x00000000eb7df240) thrown at [D:\src\AOSP-openjdk-cygwin\jdk8u\hotspot\src\share\vm\prims\jni.cpp, line 709]
Event: 2408.776 Thread 0x0000000022d6d000 Exception <a 'sun/nio/fs/WindowsException'> (0x00000000eb7dfad0) thrown at [D:\src\AOSP-openjdk-cygwin\jdk8u\hotspot\src\share\vm\prims\jni.cpp, line 709]
Event: 2408.781 Thread 0x0000000022d6d800 Exception <a 'sun/nio/fs/WindowsException'> (0x00000000eb4b4de0) thrown at [D:\src\AOSP-openjdk-cygwin\jdk8u\hotspot\src\share\vm\prims\jni.cpp, line 709]
Event: 2408.801 Thread 0x0000000022d70800 Exception <a 'sun/nio/fs/WindowsException'> (0x00000000eb9e6d40) thrown at [D:\src\AOSP-openjdk-cygwin\jdk8u\hotspot\src\share\vm\prims\jni.cpp, line 709]
Event: 2408.802 Thread 0x0000000022d74800 Exception <a 'sun/nio/fs/WindowsException'> (0x00000000eba19eb8) thrown at [D:\src\AOSP-openjdk-cygwin\jdk8u\hotspot\src\share\vm\prims\jni.cpp, line 709]
Event: 2408.805 Thread 0x0000000022d6d800 Exception <a 'sun/nio/fs/WindowsException'> (0x00000000eb4ba648) thrown at [D:\src\AOSP-openjdk-cygwin\jdk8u\hotspot\src\share\vm\prims\jni.cpp, line 709]
Event: 2408.817 Thread 0x0000000022d70800 Exception <a 'sun/nio/fs/WindowsException'> (0x00000000eb9ebcd0) thrown at [D:\src\AOSP-openjdk-cygwin\jdk8u\hotspot\src\share\vm\prims\jni.cpp, line 709]
Event: 2412.264 Thread 0x000000001bb40800 Exception <a 'sun/nio/fs/WindowsException'> (0x00000000e0d8b2b0) thrown at [D:\src\AOSP-openjdk-cygwin\jdk8u\hotspot\src\share\vm\prims\jni.cpp, line 709]
Event: 2415.021 Thread 0x0000000022d6d000 Implicit null exception at 0x000000000514240f to 0x000000000514258d

Events (10 events):
Event: 2417.980 Thread 0x0000000022d6d000 DEOPT UNPACKING pc=0x0000000002e875d0 sp=0x000000003e30e8f8 mode 0
Event: 2418.137 Thread 0x0000000022d6d000 DEOPT PACKING pc=0x0000000006e0536c sp=0x000000003e30eaf0
Event: 2418.137 Thread 0x0000000022d6d000 DEOPT UNPACKING pc=0x0000000002e875d0 sp=0x000000003e30e820 mode 0
Event: 2418.252 Thread 0x0000000022d6d000 Uncommon trap: trap_request=0xffffff65 fr.pc=0x00000000036290fc
Event: 2418.252 Thread 0x0000000022d6d000 DEOPT PACKING pc=0x00000000036290fc sp=0x000000003e30e7b0
Event: 2418.252 Thread 0x0000000022d6d000 DEOPT UNPACKING pc=0x0000000002e8557b sp=0x000000003e30e740 mode 2
Event: 2418.276 Thread 0x0000000022d6d000 DEOPT PACKING pc=0x0000000004b7eca2 sp=0x000000003e30e8b0
Event: 2418.276 Thread 0x0000000022d6d000 DEOPT UNPACKING pc=0x0000000002e875d0 sp=0x000000003e30e628 mode 0
Event: 2418.296 Thread 0x0000000022d6d000 DEOPT PACKING pc=0x00000000055eeb2d sp=0x000000003e30e920
Event: 2418.296 Thread 0x0000000022d6d000 DEOPT UNPACKING pc=0x0000000002e875d0 sp=0x000000003e30e6a8 mode 0


Dynamic libraries:
0x00007ff7f0ad0000 - 0x00007ff7f0b01000 	C:\Program Files\Android\Android Studio\jre\bin\java.exe
0x00007ffbd6d30000 - 0x00007ffbd6f11000 	C:\WINDOWS\SYSTEM32\ntdll.dll
0x00007ffbd5390000 - 0x00007ffbd5442000 	C:\WINDOWS\System32\KERNEL32.DLL
0x00007ffbd3210000 - 0x00007ffbd3483000 	C:\WINDOWS\System32\KERNELBASE.dll
0x00007ffbd6990000 - 0x00007ffbd6a31000 	C:\WINDOWS\System32\ADVAPI32.dll
0x00007ffbd6ad0000 - 0x00007ffbd6b6e000 	C:\WINDOWS\System32\msvcrt.dll
0x00007ffbd43e0000 - 0x00007ffbd443b000 	C:\WINDOWS\System32\sechost.dll
0x00007ffbd4870000 - 0x00007ffbd4994000 	C:\WINDOWS\System32\RPCRT4.dll
0x00007ffbd6b70000 - 0x00007ffbd6d00000 	C:\WINDOWS\System32\USER32.dll
0x00007ffbd31f0000 - 0x00007ffbd3210000 	C:\WINDOWS\System32\win32u.dll
0x00007ffbd5450000 - 0x00007ffbd5478000 	C:\WINDOWS\System32\GDI32.dll
0x00007ffbd4020000 - 0x00007ffbd41b2000 	C:\WINDOWS\System32\gdi32full.dll
0x00007ffbd3100000 - 0x00007ffbd319f000 	C:\WINDOWS\System32\msvcp_win.dll
0x00007ffbd3e40000 - 0x00007ffbd3f3a000 	C:\WINDOWS\System32\ucrtbase.dll
0x00007ffbbe930000 - 0x00007ffbbeb99000 	C:\WINDOWS\WinSxS\amd64_microsoft.windows.common-controls_6595b64144ccf1df_6.0.17134.285_none_fb4297e330656775\COMCTL32.dll
0x00007ffbd4c10000 - 0x00007ffbd4f33000 	C:\WINDOWS\System32\combase.dll
0x00007ffbd3f40000 - 0x00007ffbd3fba000 	C:\WINDOWS\System32\bcryptPrimitives.dll
0x00007ffbd68c0000 - 0x00007ffbd68ed000 	C:\WINDOWS\System32\IMM32.DLL
0x0000000055a30000 - 0x0000000055b02000 	C:\Program Files\Android\Android Studio\jre\jre\bin\msvcr100.dll
0x0000000055bf0000 - 0x000000005642f000 	C:\Program Files\Android\Android Studio\jre\jre\bin\server\jvm.dll
0x00007ffbd4c00000 - 0x00007ffbd4c08000 	C:\WINDOWS\System32\PSAPI.DLL
0x00007ffbd09e0000 - 0x00007ffbd0a03000 	C:\WINDOWS\SYSTEM32\WINMM.dll
0x00007ffbc5c60000 - 0x00007ffbc5c6a000 	C:\WINDOWS\SYSTEM32\VERSION.dll
0x00007ffbd1cf0000 - 0x00007ffbd1cf9000 	C:\WINDOWS\SYSTEM32\WSOCK32.dll
0x00007ffbd4ac0000 - 0x00007ffbd4b2c000 	C:\WINDOWS\System32\WS2_32.dll
0x00007ffbd0890000 - 0x00007ffbd08ba000 	C:\WINDOWS\SYSTEM32\WINMMBASE.dll
0x00007ffbd31a0000 - 0x00007ffbd31e9000 	C:\WINDOWS\System32\cfgmgr32.dll
0x00007ffbd0a60000 - 0x00007ffbd0a6f000 	C:\Program Files\Android\Android Studio\jre\jre\bin\verify.dll
0x00007ffbd0a30000 - 0x00007ffbd0a59000 	C:\Program Files\Android\Android Studio\jre\jre\bin\java.dll
0x00007ffbbf920000 - 0x00007ffbbf936000 	C:\Program Files\Android\Android Studio\jre\jre\bin\zip.dll
0x00007ffbd5480000 - 0x00007ffbd68c0000 	C:\WINDOWS\System32\SHELL32.dll
0x00007ffbd4640000 - 0x00007ffbd46e9000 	C:\WINDOWS\System32\shcore.dll
0x00007ffbd3540000 - 0x00007ffbd3c4d000 	C:\WINDOWS\System32\windows.storage.dll
0x00007ffbd41c0000 - 0x00007ffbd4211000 	C:\WINDOWS\System32\shlwapi.dll
0x00007ffbd30c0000 - 0x00007ffbd30d1000 	C:\WINDOWS\System32\kernel.appcore.dll
0x00007ffbd30a0000 - 0x00007ffbd30bf000 	C:\WINDOWS\System32\profapi.dll
0x00007ffbd3050000 - 0x00007ffbd309c000 	C:\WINDOWS\System32\powrprof.dll
0x00007ffbd3040000 - 0x00007ffbd304a000 	C:\WINDOWS\System32\FLTLIB.DLL
0x00007ffbbe070000 - 0x00007ffbbe08a000 	C:\Program Files\Android\Android Studio\jre\jre\bin\net.dll
0x00007ffbd2860000 - 0x00007ffbd28c6000 	C:\WINDOWS\system32\mswsock.dll
0x00007ffbbbec0000 - 0x00007ffbbbed1000 	C:\Program Files\Android\Android Studio\jre\jre\bin\nio.dll
0x00007ffbd0840000 - 0x00007ffbd085e000 	C:\Users\sbhtk\.gradle\native\25\windows-amd64\native-platform.dll
0x00007ffbd0a20000 - 0x00007ffbd0a2d000 	C:\Program Files\Android\Android Studio\jre\jre\bin\management.dll
0x00007ffbd2a10000 - 0x00007ffbd2a27000 	C:\WINDOWS\SYSTEM32\CRYPTSP.dll
0x00007ffbd2440000 - 0x00007ffbd2473000 	C:\WINDOWS\system32\rsaenh.dll
0x00007ffbd2b40000 - 0x00007ffbd2b65000 	C:\WINDOWS\SYSTEM32\bcrypt.dll
0x00007ffbd2f40000 - 0x00007ffbd2f68000 	C:\WINDOWS\SYSTEM32\USERENV.dll
0x00007ffbd2a30000 - 0x00007ffbd2a3b000 	C:\WINDOWS\SYSTEM32\CRYPTBASE.dll
0x00007ffbd25e0000 - 0x00007ffbd2618000 	C:\WINDOWS\SYSTEM32\IPHLPAPI.DLL
0x00007ffbd49c0000 - 0x00007ffbd49c8000 	C:\WINDOWS\System32\NSI.dll
0x00007ffbcdda0000 - 0x00007ffbcddb6000 	C:\WINDOWS\SYSTEM32\dhcpcsvc6.DLL
0x00007ffbcdd40000 - 0x00007ffbcdd5a000 	C:\WINDOWS\SYSTEM32\dhcpcsvc.DLL
0x00007ffbd2130000 - 0x00007ffbd2161000 	C:\WINDOWS\SYSTEM32\ntmarta.dll

VM Arguments:
jvm_args: -Xmx1536m -Dfile.encoding=windows-1252 -Duser.country=US -Duser.language=en -Duser.variant 
java_command: org.gradle.launcher.daemon.bootstrap.GradleDaemon 4.4
java_class_path (initial): C:\Users\sbhtk\.gradle\wrapper\dists\gradle-4.4-all\9br9xq1tocpiv8o6njlyu5op1\gradle-4.4\lib\gradle-launcher-4.4.jar
Launcher Type: SUN_STANDARD

Environment Variables:
CLASSPATH=C:\Program Files\Java\jdk-10.0.2\bin;C:\Program Files\Java\jre-10.0.2\bin;.
PATH=C:\Program Files (x86)\Common Files\Oracle\Java\javapath;C:\ProgramData\Oracle\Java\javapath;C:\Program Files\Python35\Scripts\;C:\Program Files\Python35\;C:\WINDOWS\system32;C:\WINDOWS;C:\WINDOWS\System32\Wbem;C:\WINDOWS\System32\WindowsPowerShell\v1.0\;C:\Program Files\Andy;C:\Windows\SysWOW64;C:\Windows\System32;C:\Windows\SysWOW64\wbem;C:\Windows\System32\wbem;C:\Windows\SysWOW64\WindowsPowerShell\v1.0\;C:\Windows\System32\WindowsPowerShell\v1.0\;C:\Windows\;C:\Program Files\dotnet\;C:\WINDOWS\System32\OpenSSH\;C:\Program Files\Microsoft VS Code\bin;C:\Program Files\Git\cmd;C:\Program Files\Java\jdk-10.0.2\bin;C:\Program Files\Java\jre-10.0.2\bin;C:\Users\sbhtk\AppData\Local\Microsoft\WindowsApps;
USERNAME=sbhtk
OS=Windows_NT
PROCESSOR_IDENTIFIER=Intel64 Family 6 Model 61 Stepping 4, GenuineIntel



---------------  S Y S T E M  ---------------

OS: Windows 10.0 , 64 bit Build 17134 (10.0.17134.1)

CPU:total 4 (initial active 4) (2 cores per cpu, 2 threads per core) family 6 model 61 stepping 4, cmov, cx8, fxsr, mmx, sse, sse2, sse3, ssse3, sse4.1, sse4.2, popcnt, avx, avx2, aes, clmul, erms, 3dnowpref, lzcnt, ht, tsc, tscinvbit, bmi1, bmi2, adx

Memory: 4k page, physical 8286232k(1701692k free), swap 10239000k(2944k free)

vm_info: OpenJDK 64-Bit Server VM (25.152-b02) for windows-amd64 JRE (1.8.0_152-release-1024-b02), built by "builder" with MS VC++ 10.0 (VS2010)

time: Sat Sep 22 20:54:31 2018
elapsed time: 2418 seconds (0d 0h 40m 18s)

